OpenROAD v2.0-17013-gf7f634f88 
Features included (+) or not (-): +Charts +GPU +GUI +Python
This program is licensed under the BSD-3 license. See the LICENSE file for details.
Components of this program may be licensed under more restrictive licenses which must be honored.
[INFO ORD-0030] Using 12 thread(s).
Perform port buffering...
[INFO RSZ-0027] Inserted 1 input buffers.
[INFO RSZ-0028] Inserted 10 output buffers.
Perform buffer insertion and gate resizing...
repair_design 
[INFO RSZ-0058] Using max wire length 2154um.
[INFO RSZ-0034] Found 523 slew violations.
[INFO RSZ-0036] Found 40 capacitance violations.
[INFO RSZ-0038] Inserted 102 buffers in 523 nets.
[INFO RSZ-0039] Resized 756 instances.
Repair tie lo fanout...
[INFO RSZ-0042] Inserted 3 tie sky130_fd_sc_hd__conb_1 instances.
Repair tie hi fanout...
Floating nets: 
Report metrics stage 3, resizer...

==========================================================================
resizer report_design_area
--------------------------------------------------------------------------
Design area 65166 u^2 37% utilization.
Instance count before 8744, after 8859
Pin count before 23868, after 24098
Elapsed time: 0:04.12[h:]min:sec. CPU time: user 3.92 sys 0.20 (99%). Peak memory: 648188KB.
