OpenROAD v2.0-17013-gf7f634f88 
Features included (+) or not (-): +Charts +GPU +GUI +Python
This program is licensed under the BSD-3 license. See the LICENSE file for details.
Components of this program may be licensed under more restrictive licenses which must be honored.
[INFO ORD-0030] Using 12 thread(s).
clock_tree_synthesis -sink_clustering_enable -balance_levels
[INFO CTS-0050] Root buffer is sky130_fd_sc_hd__clkbuf_16.
[INFO CTS-0051] Sink buffer is sky130_fd_sc_hd__clkbuf_16.
[INFO CTS-0052] The following clock buffers will be used for CTS:
                    sky130_fd_sc_hd__clkbuf_16
[INFO CTS-0049] Characterization buffer is sky130_fd_sc_hd__clkbuf_16.
[INFO CTS-0007] Net "clk" found for clock "clk".
[INFO CTS-0010]  Clock net "clk" has 1274 sinks.
[INFO CTS-0008] TritonCTS found 1 clock nets.
[INFO CTS-0097] Characterization used 1 buffer(s) types.
[INFO CTS-0200] 0 placement blockages have been identified.
[INFO CTS-0201] 0 placed hard macros will be treated like blockages.
[INFO CTS-0027] Generating H-Tree topology for net clk.
[INFO CTS-0028]  Total number of sinks: 1274.
[INFO CTS-0090]  Sinks will be clustered based on buffer max cap.
[INFO CTS-0030]  Number of static layers: 0.
[INFO CTS-0020]  Wire segment unit: 13600  dbu (13 um).
[INFO CTS-0206] Best clustering solution was found from clustering size of 20 and clustering diameter of 50.
[INFO CTS-0019]  Total number of sinks after clustering: 121.
[INFO CTS-0024]  Normalized sink region: [(2.35173, 2.33757), (24.1344, 28.3662)].
[INFO CTS-0025]     Width:  21.7827.
[INFO CTS-0026]     Height: 26.0286.
 Level 1
    Direction: Vertical
    Sinks per sub-region: 61
    Sub-region size: 21.7827 X 13.0143
[INFO CTS-0034]     Segment length (rounded): 6.
 Level 2
    Direction: Horizontal
    Sinks per sub-region: 31
    Sub-region size: 10.8913 X 13.0143
[INFO CTS-0034]     Segment length (rounded): 6.
 Level 3
    Direction: Vertical
    Sinks per sub-region: 16
    Sub-region size: 10.8913 X 6.5072
[INFO CTS-0034]     Segment length (rounded): 4.
 Level 4
    Direction: Horizontal
    Sinks per sub-region: 8
    Sub-region size: 5.4457 X 6.5072
[INFO CTS-0034]     Segment length (rounded): 2.
[INFO CTS-0032]  Stop criterion found. Max number of sinks is 15.
[INFO CTS-0035]  Number of sinks covered: 121.
[INFO CTS-0018]     Created 138 clock buffers.
[INFO CTS-0012]     Minimum number of buffers in the clock path: 3.
[INFO CTS-0013]     Maximum number of buffers in the clock path: 3.
[INFO CTS-0015]     Created 138 clock nets.
[INFO CTS-0016]     Fanout distribution for the current clock = 5:1, 6:4, 7:6, 8:7, 9:22, 10:34, 11:37, 12:17, 13:8, 15:1..
[INFO CTS-0017]     Max level of the clock tree: 4.
[INFO CTS-0098] Clock net "clk"
[INFO CTS-0099]  Sinks 1387
[INFO CTS-0100]  Leaf buffers 121
[INFO CTS-0101]  Average sink wire length 500.57 um
[INFO CTS-0102]  Path depth 2 - 3
[INFO CTS-0207]  Leaf load cells 113
[INFO RSZ-0058] Using max wire length 2154um.
Placement Analysis
---------------------------------
total displacement       3058.1 u
average displacement        0.3 u
max displacement           16.5 u
original HPWL          159488.7 u
legalized HPWL         164505.4 u
delta HPWL                    3 %

repair_timing -verbose -setup_margin 0 -hold_margin 0 -repair_tns 100
[INFO RSZ-0098] No setup violations found
[INFO RSZ-0046] Found 1220 endpoints with hold violations.
Iteration | Resized | Buffers | Cloned Gates |   WNS   |   TNS   | Endpoint
---------------------------------------------------------------------------
        0 |       0 |       0 |            0 |  -0.418 | -293.486 | CPU_rd_a3\[0\]$_DFF_P_/D
    final |       0 |    1725 |            0 |   0.001 |  -0.001 | CPU_src2_value_a3\[21\]$_DFF_P_/D
---------------------------------------------------------------------------
[INFO RSZ-0032] Inserted 1725 hold buffers.
Placement Analysis
---------------------------------
total displacement      17377.5 u
average displacement        1.6 u
max displacement           34.5 u
original HPWL          172106.9 u
legalized HPWL         189423.7 u
delta HPWL                   10 %

Report metrics stage 4, cts final...

==========================================================================
cts final report_design_area
--------------------------------------------------------------------------
Design area 86940 u^2 50% utilization.
Elapsed time: 0:09.94[h:]min:sec. CPU time: user 9.68 sys 0.26 (99%). Peak memory: 773248KB.
