
==========================================================================
global route report_tns
--------------------------------------------------------------------------
tns 0.00

==========================================================================
global route report_wns
--------------------------------------------------------------------------
wns 0.00

==========================================================================
global route report_worst_slack
--------------------------------------------------------------------------
worst slack 4.22

==========================================================================
global route report_clock_skew
--------------------------------------------------------------------------
Clock clk
   0.82 source latency CPU_Dmem_value_a5[9][27]$_SDFFE_PP0P_/CLK ^
  -0.78 target latency CPU_dmem_rd_data_a5[27]$_DFF_P_/CLK ^
   0.47 clock uncertainty
   0.00 CRPR
--------------
   0.50 setup skew


==========================================================================
global route report_checks -path_delay min
--------------------------------------------------------------------------
Startpoint: CPU_Dmem_value_a5[9][28]$_SDFFE_PP0P_
            (rising edge-triggered flip-flop clocked by clk)
Endpoint: CPU_dmem_rd_data_a5[28]$_DFF_P_
          (rising edge-triggered flip-flop clocked by clk)
Path Group: clk
Path Type: min

Fanout     Cap    Slew   Delay    Time   Description
-----------------------------------------------------------------------------
                          0.00    0.00   clock clk (rise edge)
                          0.00    0.00   clock source latency
     1    0.06    0.00    0.00    0.00 ^ clk (in)
                                         clk (net)
                  0.00    0.00    0.00 ^ clkbuf_0_clk/A (sky130_fd_sc_hd__clkbuf_16)
    16    0.33    0.34    0.32    0.32 ^ clkbuf_0_clk/X (sky130_fd_sc_hd__clkbuf_16)
                                         clknet_0_clk (net)
                  0.34    0.01    0.33 ^ clkbuf_4_6_0_clk/A (sky130_fd_sc_hd__clkbuf_16)
     7    0.11    0.12    0.28    0.61 ^ clkbuf_4_6_0_clk/X (sky130_fd_sc_hd__clkbuf_16)
                                         clknet_4_6_0_clk (net)
                  0.12    0.00    0.61 ^ clkbuf_leaf_100_clk/A (sky130_fd_sc_hd__clkbuf_16)
    11    0.04    0.06    0.17    0.78 ^ clkbuf_leaf_100_clk/X (sky130_fd_sc_hd__clkbuf_16)
                                         clknet_leaf_100_clk (net)
                  0.06    0.00    0.78 ^ CPU_Dmem_value_a5[9][28]$_SDFFE_PP0P_/CLK (sky130_fd_sc_hd__dfxtp_1)
     2    0.01    0.08    0.33    1.11 ^ CPU_Dmem_value_a5[9][28]$_SDFFE_PP0P_/Q (sky130_fd_sc_hd__dfxtp_1)
                                         CPU_Dmem_value_a5[9][28] (net)
                  0.08    0.00    1.11 ^ _11382_/B2 (sky130_fd_sc_hd__a22oi_1)
     1    0.00    0.06    0.08    1.19 v _11382_/Y (sky130_fd_sc_hd__a22oi_1)
                                         _05397_ (net)
                  0.06    0.00    1.19 v _11383_/C (sky130_fd_sc_hd__nand3_1)
     1    0.01    0.08    0.11    1.30 ^ _11383_/Y (sky130_fd_sc_hd__nand3_1)
                                         _05398_ (net)
                  0.08    0.00    1.30 ^ _11384_/B2 (sky130_fd_sc_hd__o22a_2)
     1    0.03    0.15    0.22    1.52 ^ _11384_/X (sky130_fd_sc_hd__o22a_2)
                                         w_CPU_dmem_rd_data_a4[28] (net)
                  0.15    0.00    1.52 ^ CPU_dmem_rd_data_a5[28]$_DFF_P_/D (sky130_fd_sc_hd__dfxtp_1)
                                  1.52   data arrival time

                          0.00    0.00   clock clk (rise edge)
                          0.00    0.00   clock source latency
     1    0.06    0.00    0.00    0.00 ^ clk (in)
                                         clk (net)
                  0.00    0.00    0.00 ^ clkbuf_0_clk/A (sky130_fd_sc_hd__clkbuf_16)
    16    0.33    0.34    0.32    0.32 ^ clkbuf_0_clk/X (sky130_fd_sc_hd__clkbuf_16)
                                         clknet_0_clk (net)
                  0.34    0.01    0.33 ^ clkbuf_4_14_0_clk/A (sky130_fd_sc_hd__clkbuf_16)
     9    0.12    0.14    0.29    0.62 ^ clkbuf_4_14_0_clk/X (sky130_fd_sc_hd__clkbuf_16)
                                         clknet_4_14_0_clk (net)
                  0.14    0.00    0.62 ^ clkbuf_leaf_51_clk/A (sky130_fd_sc_hd__clkbuf_16)
    12    0.04    0.06    0.18    0.80 ^ clkbuf_leaf_51_clk/X (sky130_fd_sc_hd__clkbuf_16)
                                         clknet_leaf_51_clk (net)
                  0.06    0.00    0.80 ^ CPU_dmem_rd_data_a5[28]$_DFF_P_/CLK (sky130_fd_sc_hd__dfxtp_1)
                          0.74    1.55   clock uncertainty
                          0.00    1.55   clock reconvergence pessimism
                         -0.05    1.50   library hold time
                                  1.50   data required time
-----------------------------------------------------------------------------
                                  1.50   data required time
                                 -1.52   data arrival time
-----------------------------------------------------------------------------
                                  0.02   slack (MET)



==========================================================================
global route report_checks -path_delay max
--------------------------------------------------------------------------
Startpoint: CPU_valid_load_a5$_DFF_P_
            (rising edge-triggered flip-flop clocked by clk)
Endpoint: CPU_Xreg_value_a4[1][22]$_SDFFE_PP0P_
          (rising edge-triggered flip-flop clocked by clk)
Path Group: clk
Path Type: max

Fanout     Cap    Slew   Delay    Time   Description
-----------------------------------------------------------------------------
                          0.00    0.00   clock clk (rise edge)
                          0.00    0.00   clock source latency
     1    0.06    0.00    0.00    0.00 ^ clk (in)
                                         clk (net)
                  0.00    0.00    0.00 ^ clkbuf_0_clk/A (sky130_fd_sc_hd__clkbuf_16)
    16    0.33    0.34    0.32    0.32 ^ clkbuf_0_clk/X (sky130_fd_sc_hd__clkbuf_16)
                                         clknet_0_clk (net)
                  0.34    0.01    0.33 ^ clkbuf_4_2_0_clk/A (sky130_fd_sc_hd__clkbuf_16)
     9    0.12    0.13    0.29    0.62 ^ clkbuf_4_2_0_clk/X (sky130_fd_sc_hd__clkbuf_16)
                                         clknet_4_2_0_clk (net)
                  0.13    0.00    0.62 ^ clkbuf_leaf_10_clk/A (sky130_fd_sc_hd__clkbuf_16)
    12    0.05    0.07    0.18    0.80 ^ clkbuf_leaf_10_clk/X (sky130_fd_sc_hd__clkbuf_16)
                                         clknet_leaf_10_clk (net)
                  0.07    0.00    0.80 ^ CPU_valid_load_a5$_DFF_P_/CLK (sky130_fd_sc_hd__dfxtp_1)
     2    0.02    0.15    0.39    1.19 ^ CPU_valid_load_a5$_DFF_P_/Q (sky130_fd_sc_hd__dfxtp_1)
                                         CPU_valid_load_a5 (net)
                  0.15    0.00    1.19 ^ _05825_/A (sky130_fd_sc_hd__or4_4)
    57    0.46    1.29    1.01    2.20 ^ _05825_/X (sky130_fd_sc_hd__or4_4)
                                         _01035_ (net)
                  1.29    0.02    2.22 ^ _05826_/A (sky130_fd_sc_hd__clkinv_16)
    50    0.45    0.53    0.55    2.77 v _05826_/Y (sky130_fd_sc_hd__clkinv_16)
                                         _01036_ (net)
                  0.53    0.02    2.78 v _09202_/C (sky130_fd_sc_hd__nor3_1)
     1    0.01    0.48    0.55    3.33 ^ _09202_/Y (sky130_fd_sc_hd__nor3_1)
                                         _03619_ (net)
                  0.48    0.00    3.34 ^ _09203_/B1 (sky130_fd_sc_hd__a21oi_4)
     3    0.04    0.14    0.14    3.47 v _09203_/Y (sky130_fd_sc_hd__a21oi_4)
                                         _03620_ (net)
                  0.14    0.00    3.47 v _09211_/C (sky130_fd_sc_hd__nor3_4)
    10    0.11    1.05    0.83    4.30 ^ _09211_/Y (sky130_fd_sc_hd__nor3_4)
                                         _03627_ (net)
                  1.05    0.01    4.31 ^ _09233_/B (sky130_fd_sc_hd__nand2_8)
    10    0.06    0.25    0.19    4.50 v _09233_/Y (sky130_fd_sc_hd__nand2_8)
                                         _03642_ (net)
                  0.25    0.00    4.50 v _09251_/A2 (sky130_fd_sc_hd__o211ai_1)
     1    0.01    0.20    0.27    4.77 ^ _09251_/Y (sky130_fd_sc_hd__o211ai_1)
                                         _00750_ (net)
                  0.20    0.00    4.77 ^ hold1443/A (sky130_fd_sc_hd__dlygate4sd3_1)
     1    0.00    0.07    0.59    5.36 ^ hold1443/X (sky130_fd_sc_hd__dlygate4sd3_1)
                                         net1559 (net)
                  0.07    0.00    5.36 ^ CPU_Xreg_value_a4[1][22]$_SDFFE_PP0P_/D (sky130_fd_sc_hd__dfxtp_1)
                                  5.36   data arrival time

                          9.30    9.30   clock clk (rise edge)
                          0.00    9.30   clock source latency
     1    0.06    0.00    0.00    9.30 ^ clk (in)
                                         clk (net)
                  0.00    0.00    9.30 ^ clkbuf_0_clk/A (sky130_fd_sc_hd__clkbuf_16)
    16    0.33    0.34    0.32    9.62 ^ clkbuf_0_clk/X (sky130_fd_sc_hd__clkbuf_16)
                                         clknet_0_clk (net)
                  0.34    0.01    9.63 ^ clkbuf_4_14_0_clk/A (sky130_fd_sc_hd__clkbuf_16)
     9    0.12    0.14    0.29    9.92 ^ clkbuf_4_14_0_clk/X (sky130_fd_sc_hd__clkbuf_16)
                                         clknet_4_14_0_clk (net)
                  0.14    0.00    9.92 ^ clkbuf_leaf_51_clk/A (sky130_fd_sc_hd__clkbuf_16)
    12    0.04    0.06    0.18   10.10 ^ clkbuf_leaf_51_clk/X (sky130_fd_sc_hd__clkbuf_16)
                                         clknet_leaf_51_clk (net)
                  0.06    0.00   10.10 ^ CPU_Xreg_value_a4[1][22]$_SDFFE_PP0P_/CLK (sky130_fd_sc_hd__dfxtp_1)
                         -0.47    9.64   clock uncertainty
                          0.00    9.64   clock reconvergence pessimism
                         -0.06    9.58   library setup time
                                  9.58   data required time
-----------------------------------------------------------------------------
                                  9.58   data required time
                                 -5.36   data arrival time
-----------------------------------------------------------------------------
                                  4.22   slack (MET)



==========================================================================
global route report_checks -unconstrained
--------------------------------------------------------------------------
Startpoint: CPU_valid_load_a5$_DFF_P_
            (rising edge-triggered flip-flop clocked by clk)
Endpoint: CPU_Xreg_value_a4[1][22]$_SDFFE_PP0P_
          (rising edge-triggered flip-flop clocked by clk)
Path Group: clk
Path Type: max

Fanout     Cap    Slew   Delay    Time   Description
-----------------------------------------------------------------------------
                          0.00    0.00   clock clk (rise edge)
                          0.00    0.00   clock source latency
     1    0.06    0.00    0.00    0.00 ^ clk (in)
                                         clk (net)
                  0.00    0.00    0.00 ^ clkbuf_0_clk/A (sky130_fd_sc_hd__clkbuf_16)
    16    0.33    0.34    0.32    0.32 ^ clkbuf_0_clk/X (sky130_fd_sc_hd__clkbuf_16)
                                         clknet_0_clk (net)
                  0.34    0.01    0.33 ^ clkbuf_4_2_0_clk/A (sky130_fd_sc_hd__clkbuf_16)
     9    0.12    0.13    0.29    0.62 ^ clkbuf_4_2_0_clk/X (sky130_fd_sc_hd__clkbuf_16)
                                         clknet_4_2_0_clk (net)
                  0.13    0.00    0.62 ^ clkbuf_leaf_10_clk/A (sky130_fd_sc_hd__clkbuf_16)
    12    0.05    0.07    0.18    0.80 ^ clkbuf_leaf_10_clk/X (sky130_fd_sc_hd__clkbuf_16)
                                         clknet_leaf_10_clk (net)
                  0.07    0.00    0.80 ^ CPU_valid_load_a5$_DFF_P_/CLK (sky130_fd_sc_hd__dfxtp_1)
     2    0.02    0.15    0.39    1.19 ^ CPU_valid_load_a5$_DFF_P_/Q (sky130_fd_sc_hd__dfxtp_1)
                                         CPU_valid_load_a5 (net)
                  0.15    0.00    1.19 ^ _05825_/A (sky130_fd_sc_hd__or4_4)
    57    0.46    1.29    1.01    2.20 ^ _05825_/X (sky130_fd_sc_hd__or4_4)
                                         _01035_ (net)
                  1.29    0.02    2.22 ^ _05826_/A (sky130_fd_sc_hd__clkinv_16)
    50    0.45    0.53    0.55    2.77 v _05826_/Y (sky130_fd_sc_hd__clkinv_16)
                                         _01036_ (net)
                  0.53    0.02    2.78 v _09202_/C (sky130_fd_sc_hd__nor3_1)
     1    0.01    0.48    0.55    3.33 ^ _09202_/Y (sky130_fd_sc_hd__nor3_1)
                                         _03619_ (net)
                  0.48    0.00    3.34 ^ _09203_/B1 (sky130_fd_sc_hd__a21oi_4)
     3    0.04    0.14    0.14    3.47 v _09203_/Y (sky130_fd_sc_hd__a21oi_4)
                                         _03620_ (net)
                  0.14    0.00    3.47 v _09211_/C (sky130_fd_sc_hd__nor3_4)
    10    0.11    1.05    0.83    4.30 ^ _09211_/Y (sky130_fd_sc_hd__nor3_4)
                                         _03627_ (net)
                  1.05    0.01    4.31 ^ _09233_/B (sky130_fd_sc_hd__nand2_8)
    10    0.06    0.25    0.19    4.50 v _09233_/Y (sky130_fd_sc_hd__nand2_8)
                                         _03642_ (net)
                  0.25    0.00    4.50 v _09251_/A2 (sky130_fd_sc_hd__o211ai_1)
     1    0.01    0.20    0.27    4.77 ^ _09251_/Y (sky130_fd_sc_hd__o211ai_1)
                                         _00750_ (net)
                  0.20    0.00    4.77 ^ hold1443/A (sky130_fd_sc_hd__dlygate4sd3_1)
     1    0.00    0.07    0.59    5.36 ^ hold1443/X (sky130_fd_sc_hd__dlygate4sd3_1)
                                         net1559 (net)
                  0.07    0.00    5.36 ^ CPU_Xreg_value_a4[1][22]$_SDFFE_PP0P_/D (sky130_fd_sc_hd__dfxtp_1)
                                  5.36   data arrival time

                          9.30    9.30   clock clk (rise edge)
                          0.00    9.30   clock source latency
     1    0.06    0.00    0.00    9.30 ^ clk (in)
                                         clk (net)
                  0.00    0.00    9.30 ^ clkbuf_0_clk/A (sky130_fd_sc_hd__clkbuf_16)
    16    0.33    0.34    0.32    9.62 ^ clkbuf_0_clk/X (sky130_fd_sc_hd__clkbuf_16)
                                         clknet_0_clk (net)
                  0.34    0.01    9.63 ^ clkbuf_4_14_0_clk/A (sky130_fd_sc_hd__clkbuf_16)
     9    0.12    0.14    0.29    9.92 ^ clkbuf_4_14_0_clk/X (sky130_fd_sc_hd__clkbuf_16)
                                         clknet_4_14_0_clk (net)
                  0.14    0.00    9.92 ^ clkbuf_leaf_51_clk/A (sky130_fd_sc_hd__clkbuf_16)
    12    0.04    0.06    0.18   10.10 ^ clkbuf_leaf_51_clk/X (sky130_fd_sc_hd__clkbuf_16)
                                         clknet_leaf_51_clk (net)
                  0.06    0.00   10.10 ^ CPU_Xreg_value_a4[1][22]$_SDFFE_PP0P_/CLK (sky130_fd_sc_hd__dfxtp_1)
                         -0.47    9.64   clock uncertainty
                          0.00    9.64   clock reconvergence pessimism
                         -0.06    9.58   library setup time
                                  9.58   data required time
-----------------------------------------------------------------------------
                                  9.58   data required time
                                 -5.36   data arrival time
-----------------------------------------------------------------------------
                                  4.22   slack (MET)



==========================================================================
global route report_check_types -max_slew -max_cap -max_fanout -violators
--------------------------------------------------------------------------

==========================================================================
global route max_slew_check_slack
--------------------------------------------------------------------------
0.20326541364192963

==========================================================================
global route max_slew_check_limit
--------------------------------------------------------------------------
1.5

==========================================================================
global route max_slew_check_slack_limit
--------------------------------------------------------------------------
0.1355

==========================================================================
global route max_fanout_check_slack
--------------------------------------------------------------------------
1.0000000150474662e+30

==========================================================================
global route max_fanout_check_limit
--------------------------------------------------------------------------
1.0000000150474662e+30

==========================================================================
global route max_capacitance_check_slack
--------------------------------------------------------------------------
0.015214822255074978

==========================================================================
global route max_capacitance_check_limit
--------------------------------------------------------------------------
0.021067000925540924

==========================================================================
global route max_capacitance_check_slack_limit
--------------------------------------------------------------------------
0.7222

==========================================================================
global route max_slew_violation_count
--------------------------------------------------------------------------
max slew violation count 0

==========================================================================
global route max_fanout_violation_count
--------------------------------------------------------------------------
max fanout violation count 0

==========================================================================
global route max_cap_violation_count
--------------------------------------------------------------------------
max cap violation count 0

==========================================================================
global route setup_violation_count
--------------------------------------------------------------------------
setup violation count 0

==========================================================================
global route hold_violation_count
--------------------------------------------------------------------------
hold violation count 0

==========================================================================
global route report_checks -path_delay max reg to reg
--------------------------------------------------------------------------
Startpoint: CPU_valid_load_a5$_DFF_P_
            (rising edge-triggered flip-flop clocked by clk)
Endpoint: CPU_Xreg_value_a4[1][22]$_SDFFE_PP0P_
          (rising edge-triggered flip-flop clocked by clk)
Path Group: clk
Path Type: max

  Delay    Time   Description
---------------------------------------------------------
   0.00    0.00   clock clk (rise edge)
   0.00    0.00   clock source latency
   0.00    0.00 ^ clk (in)
   0.32    0.32 ^ clkbuf_0_clk/X (sky130_fd_sc_hd__clkbuf_16)
   0.30    0.62 ^ clkbuf_4_2_0_clk/X (sky130_fd_sc_hd__clkbuf_16)
   0.18    0.80 ^ clkbuf_leaf_10_clk/X (sky130_fd_sc_hd__clkbuf_16)
   0.00    0.80 ^ CPU_valid_load_a5$_DFF_P_/CLK (sky130_fd_sc_hd__dfxtp_1)
   0.39    1.19 ^ CPU_valid_load_a5$_DFF_P_/Q (sky130_fd_sc_hd__dfxtp_1)
   1.01    2.20 ^ _05825_/X (sky130_fd_sc_hd__or4_4)
   0.57    2.77 v _05826_/Y (sky130_fd_sc_hd__clkinv_16)
   0.57    3.33 ^ _09202_/Y (sky130_fd_sc_hd__nor3_1)
   0.14    3.47 v _09203_/Y (sky130_fd_sc_hd__a21oi_4)
   0.83    4.30 ^ _09211_/Y (sky130_fd_sc_hd__nor3_4)
   0.20    4.50 v _09233_/Y (sky130_fd_sc_hd__nand2_8)
   0.28    4.77 ^ _09251_/Y (sky130_fd_sc_hd__o211ai_1)
   0.59    5.36 ^ hold1443/X (sky130_fd_sc_hd__dlygate4sd3_1)
   0.00    5.36 ^ CPU_Xreg_value_a4[1][22]$_SDFFE_PP0P_/D (sky130_fd_sc_hd__dfxtp_1)
           5.36   data arrival time

   9.30    9.30   clock clk (rise edge)
   0.00    9.30   clock source latency
   0.00    9.30 ^ clk (in)
   0.32    9.62 ^ clkbuf_0_clk/X (sky130_fd_sc_hd__clkbuf_16)
   0.30    9.92 ^ clkbuf_4_14_0_clk/X (sky130_fd_sc_hd__clkbuf_16)
   0.18   10.10 ^ clkbuf_leaf_51_clk/X (sky130_fd_sc_hd__clkbuf_16)
   0.00   10.10 ^ CPU_Xreg_value_a4[1][22]$_SDFFE_PP0P_/CLK (sky130_fd_sc_hd__dfxtp_1)
  -0.47    9.64   clock uncertainty
   0.00    9.64   clock reconvergence pessimism
  -0.06    9.58   library setup time
           9.58   data required time
---------------------------------------------------------
           9.58   data required time
          -5.36   data arrival time
---------------------------------------------------------
           4.22   slack (MET)



==========================================================================
global route report_checks -path_delay min reg to reg
--------------------------------------------------------------------------
Startpoint: CPU_Dmem_value_a5[9][28]$_SDFFE_PP0P_
            (rising edge-triggered flip-flop clocked by clk)
Endpoint: CPU_dmem_rd_data_a5[28]$_DFF_P_
          (rising edge-triggered flip-flop clocked by clk)
Path Group: clk
Path Type: min

  Delay    Time   Description
---------------------------------------------------------
   0.00    0.00   clock clk (rise edge)
   0.00    0.00   clock source latency
   0.00    0.00 ^ clk (in)
   0.32    0.32 ^ clkbuf_0_clk/X (sky130_fd_sc_hd__clkbuf_16)
   0.29    0.61 ^ clkbuf_4_6_0_clk/X (sky130_fd_sc_hd__clkbuf_16)
   0.17    0.78 ^ clkbuf_leaf_100_clk/X (sky130_fd_sc_hd__clkbuf_16)
   0.00    0.78 ^ CPU_Dmem_value_a5[9][28]$_SDFFE_PP0P_/CLK (sky130_fd_sc_hd__dfxtp_1)
   0.33    1.11 ^ CPU_Dmem_value_a5[9][28]$_SDFFE_PP0P_/Q (sky130_fd_sc_hd__dfxtp_1)
   0.08    1.19 v _11382_/Y (sky130_fd_sc_hd__a22oi_1)
   0.11    1.30 ^ _11383_/Y (sky130_fd_sc_hd__nand3_1)
   0.22    1.52 ^ _11384_/X (sky130_fd_sc_hd__o22a_2)
   0.00    1.52 ^ CPU_dmem_rd_data_a5[28]$_DFF_P_/D (sky130_fd_sc_hd__dfxtp_1)
           1.52   data arrival time

   0.00    0.00   clock clk (rise edge)
   0.00    0.00   clock source latency
   0.00    0.00 ^ clk (in)
   0.32    0.32 ^ clkbuf_0_clk/X (sky130_fd_sc_hd__clkbuf_16)
   0.30    0.62 ^ clkbuf_4_14_0_clk/X (sky130_fd_sc_hd__clkbuf_16)
   0.18    0.80 ^ clkbuf_leaf_51_clk/X (sky130_fd_sc_hd__clkbuf_16)
   0.00    0.80 ^ CPU_dmem_rd_data_a5[28]$_DFF_P_/CLK (sky130_fd_sc_hd__dfxtp_1)
   0.74    1.55   clock uncertainty
   0.00    1.55   clock reconvergence pessimism
  -0.05    1.50   library hold time
           1.50   data required time
---------------------------------------------------------
           1.50   data required time
          -1.52   data arrival time
---------------------------------------------------------
           0.02   slack (MET)



==========================================================================
global route critical path target clock latency max path
--------------------------------------------------------------------------
0

==========================================================================
global route critical path target clock latency min path
--------------------------------------------------------------------------
0

==========================================================================
global route critical path source clock latency min path
--------------------------------------------------------------------------
0

==========================================================================
global route critical path delay
--------------------------------------------------------------------------
5.3612

==========================================================================
global route critical path slack
--------------------------------------------------------------------------
4.2201

==========================================================================
global route slack div critical path delay
--------------------------------------------------------------------------
78.715586

==========================================================================
global route report_power
--------------------------------------------------------------------------
Group                  Internal  Switching    Leakage      Total
                          Power      Power      Power      Power (Watts)
----------------------------------------------------------------
Sequential             5.96e-03   8.20e-04   1.04e-08   6.78e-03  35.9%
Combinational          2.00e-03   4.30e-03   2.25e-08   6.30e-03  33.4%
Clock                  3.18e-03   2.60e-03   2.22e-09   5.78e-03  30.6%
Macro                  0.00e+00   0.00e+00   0.00e+00   0.00e+00   0.0%
Pad                    0.00e+00   0.00e+00   0.00e+00   0.00e+00   0.0%
----------------------------------------------------------------
Total                  1.11e-02   7.72e-03   3.51e-08   1.89e-02 100.0%
                          59.0%      41.0%       0.0%
